<?xml version="1.0" encoding="UTF-8"?>
<testsuite xmlns:xsi="http://www.w3.org/2001/XMLSchema-instance" xsi:noNamespaceSchemaLocation="https://maven.apache.org/surefire/maven-surefire-plugin/xsd/surefire-test-report.xsd" version="3.0.1" name="mil.teng.q2024.animals4classes.AppTest" time="0.035" tests="1" errors="0" skipped="0" failures="0">
  <properties>
    <property name="sun.desktop" value="windows"/>
    <property name="awt.toolkit" value="sun.awt.windows.WToolkit"/>
    <property name="file.encoding.pkg" value="sun.io"/>
    <property name="java.specification.version" value="1.8"/>
    <property name="sun.cpu.isalist" value="pentium_pro+mmx pentium_pro pentium+mmx pentium i486 i386 i86"/>
    <property name="sun.jnu.encoding" value="Cp1251"/>
    <property name="java.class.path" value="D:\TengDevGithub\java8-apps-testlab\24B-AspectJ-springAop\target\test-classes;D:\TengDevGithub\java8-apps-testlab\24B-AspectJ-springAop\target\classes;d:\MyDocs-Maven-Repo1\org\junit\jupiter\junit-jupiter-api\5.11.0\junit-jupiter-api-5.11.0.jar;d:\MyDocs-Maven-Repo1\org\opentest4j\opentest4j\1.3.0\opentest4j-1.3.0.jar;d:\MyDocs-Maven-Repo1\org\junit\platform\junit-platform-commons\1.11.0\junit-platform-commons-1.11.0.jar;d:\MyDocs-Maven-Repo1\org\apiguardian\apiguardian-api\1.1.2\apiguardian-api-1.1.2.jar;d:\MyDocs-Maven-Repo1\org\junit\jupiter\junit-jupiter-params\5.11.0\junit-jupiter-params-5.11.0.jar;d:\MyDocs-Maven-Repo1\org\projectlombok\lombok\1.18.34\lombok-1.18.34.jar;d:\MyDocs-Maven-Repo1\org\apache\logging\log4j\log4j-api\2.23.1\log4j-api-2.23.1.jar;d:\MyDocs-Maven-Repo1\org\apache\logging\log4j\log4j-core\2.23.1\log4j-core-2.23.1.jar;d:\MyDocs-Maven-Repo1\org\apache\logging\log4j\log4j-slf4j2-impl\2.23.1\log4j-slf4j2-impl-2.23.1.jar;d:\MyDocs-Maven-Repo1\org\slf4j\slf4j-api\2.0.16\slf4j-api-2.0.16.jar;d:\MyDocs-Maven-Repo1\mil\teng\q2024\sub-prj-animals-by-classes\1.0-SNAPSHOT\sub-prj-animals-by-classes-1.0-SNAPSHOT.jar;d:\MyDocs-Maven-Repo1\org\aspectj\aspectjrt\1.9.7\aspectjrt-1.9.7.jar;"/>
    <property name="java.vm.vendor" value="Oracle Corporation"/>
    <property name="sun.arch.data.model" value="32"/>
    <property name="user.variant" value=""/>
    <property name="java.vendor.url" value="http://java.oracle.com/"/>
    <property name="user.timezone" value="Europe/Moscow"/>
    <property name="user.country.format" value="RU"/>
    <property name="java.vm.specification.version" value="1.8"/>
    <property name="os.name" value="Windows 10"/>
    <property name="user.country" value="US"/>
    <property name="sun.java.launcher" value="SUN_STANDARD"/>
    <property name="sun.boot.library.path" value="C:\SpecTools\jdk1.8.0_152-x86\jre\bin"/>
    <property name="sun.java.command" value="D:\TMP\surefire5904357170236789221\surefirebooter-20250101222819736_3.jar D:\TMP\surefire5904357170236789221 2025-01-01T22-28-19_499-jvmRun1 surefire-20250101222819736_1tmp surefire_0-20250101222819736_2tmp"/>
    <property name="surefire.test.class.path" value="D:\TengDevGithub\java8-apps-testlab\24B-AspectJ-springAop\target\test-classes;D:\TengDevGithub\java8-apps-testlab\24B-AspectJ-springAop\target\classes;d:\MyDocs-Maven-Repo1\org\junit\jupiter\junit-jupiter-api\5.11.0\junit-jupiter-api-5.11.0.jar;d:\MyDocs-Maven-Repo1\org\opentest4j\opentest4j\1.3.0\opentest4j-1.3.0.jar;d:\MyDocs-Maven-Repo1\org\junit\platform\junit-platform-commons\1.11.0\junit-platform-commons-1.11.0.jar;d:\MyDocs-Maven-Repo1\org\apiguardian\apiguardian-api\1.1.2\apiguardian-api-1.1.2.jar;d:\MyDocs-Maven-Repo1\org\junit\jupiter\junit-jupiter-params\5.11.0\junit-jupiter-params-5.11.0.jar;d:\MyDocs-Maven-Repo1\org\projectlombok\lombok\1.18.34\lombok-1.18.34.jar;d:\MyDocs-Maven-Repo1\org\apache\logging\log4j\log4j-api\2.23.1\log4j-api-2.23.1.jar;d:\MyDocs-Maven-Repo1\org\apache\logging\log4j\log4j-core\2.23.1\log4j-core-2.23.1.jar;d:\MyDocs-Maven-Repo1\org\apache\logging\log4j\log4j-slf4j2-impl\2.23.1\log4j-slf4j2-impl-2.23.1.jar;d:\MyDocs-Maven-Repo1\org\slf4j\slf4j-api\2.0.16\slf4j-api-2.0.16.jar;d:\MyDocs-Maven-Repo1\mil\teng\q2024\sub-prj-animals-by-classes\1.0-SNAPSHOT\sub-prj-animals-by-classes-1.0-SNAPSHOT.jar;d:\MyDocs-Maven-Repo1\org\aspectj\aspectjrt\1.9.7\aspectjrt-1.9.7.jar;"/>
    <property name="sun.cpu.endian" value="little"/>
    <property name="user.home" value="C:\Users\sysop"/>
    <property name="user.language" value="en"/>
    <property name="java.specification.vendor" value="Oracle Corporation"/>
    <property name="java.home" value="C:\SpecTools\jdk1.8.0_152-x86\jre"/>
    <property name="basedir" value="D:\TengDevGithub\java8-apps-testlab\24B-AspectJ-springAop"/>
    <property name="file.separator" value="\"/>
    <property name="line.separator" value="&#10;"/>
    <property name="java.vm.specification.vendor" value="Oracle Corporation"/>
    <property name="java.specification.name" value="Java Platform API Specification"/>
    <property name="java.awt.graphicsenv" value="sun.awt.Win32GraphicsEnvironment"/>
    <property name="surefire.real.class.path" value="D:\TMP\surefire5904357170236789221\surefirebooter-20250101222819736_3.jar"/>
    <property name="sun.boot.class.path" value="C:\SpecTools\jdk1.8.0_152-x86\jre\lib\resources.jar;C:\SpecTools\jdk1.8.0_152-x86\jre\lib\rt.jar;C:\SpecTools\jdk1.8.0_152-x86\jre\lib\sunrsasign.jar;C:\SpecTools\jdk1.8.0_152-x86\jre\lib\jsse.jar;C:\SpecTools\jdk1.8.0_152-x86\jre\lib\jce.jar;C:\SpecTools\jdk1.8.0_152-x86\jre\lib\charsets.jar;C:\SpecTools\jdk1.8.0_152-x86\jre\lib\jfr.jar;C:\SpecTools\jdk1.8.0_152-x86\jre\classes"/>
    <property name="user.script" value=""/>
    <property name="sun.management.compiler" value="HotSpot Client Compiler"/>
    <property name="java.runtime.version" value="1.8.0_152-b16"/>
    <property name="user.name" value="sysop"/>
    <property name="path.separator" value=";"/>
    <property name="os.version" value="10.0"/>
    <property name="java.endorsed.dirs" value="C:\SpecTools\jdk1.8.0_152-x86\jre\lib\endorsed"/>
    <property name="java.runtime.name" value="Java(TM) SE Runtime Environment"/>
    <property name="file.encoding" value="Cp1251"/>
    <property name="java.vm.name" value="Java HotSpot(TM) Client VM"/>
    <property name="localRepository" value="d:\MyDocs-Maven-Repo1"/>
    <property name="java.vendor.url.bug" value="http://bugreport.sun.com/bugreport/"/>
    <property name="java.io.tmpdir" value="D:\TMP\"/>
    <property name="java.version" value="1.8.0_152"/>
    <property name="user.dir" value="D:\TengDevGithub\java8-apps-testlab\24B-AspectJ-springAop"/>
    <property name="os.arch" value="x86"/>
    <property name="java.vm.specification.name" value="Java Virtual Machine Specification"/>
    <property name="java.awt.printerjob" value="sun.awt.windows.WPrinterJob"/>
    <property name="user.language.format" value="ru"/>
    <property name="sun.os.patch.level" value=""/>
    <property name="java.library.path" value="C:\SpecTools\jdk1.8.0_152-x86\jre\bin;C:\Windows\Sun\Java\bin;C:\Windows\system32;C:\Windows;C:\SpecTools\jdk1.8.0_152-x86\bin;C:\Python313\Scripts\;C:\Python313\;c:\python312\scripts\;c:\python312\;c:\program files (x86)\common files\oracle\java\javapath;c:\windows\system32;c:\windows;c:\windows\system32\wbem;c:\windows\system32\windowspowershell\v1.0\;c:\windows\system32\openssh\;c:\program files\nvidia corporation\nvidia nvdlisr;c:\program files\dotnet\;c:\spectools\bins;c:\spectools\jdk-17.0.10x64\bin;d:\spectools\apache-maven-3.8.6\bin;d:\spectools\nodejs\;c:\programdata\chocolatey\bin;c:\program files\git\cmd;D:\SpecToolsNB\gradle-6.8.2\bin;c:\program files\git\cmd;c:\program files\gitextensions\;C:\Program Files (x86)\NVIDIA Corporation\PhysX\Common;C:\Program Files\Git\cmd;C:\Users\sysop\AppData\Local\Microsoft\WindowsApps;C:\Users\sysop\AppData\Roaming\npm;."/>
    <property name="java.vm.info" value="mixed mode"/>
    <property name="java.vendor" value="Oracle Corporation"/>
    <property name="java.vm.version" value="25.152-b16"/>
    <property name="java.ext.dirs" value="C:\SpecTools\jdk1.8.0_152-x86\jre\lib\ext;C:\Windows\Sun\Java\lib\ext"/>
    <property name="sun.io.unicode.encoding" value="UnicodeLittle"/>
    <property name="java.class.version" value="52.0"/>
  </properties>
  <testcase name="shouldAnswerWithTrue" classname="mil.teng.q2024.animals4classes.AppTest" time="0.014"/>
</testsuite>